0 info it worked if it ends with ok
1 verbose cli [ '/home/ubuntu/.nvm/versions/node/v7.7.3/bin/node',
1 verbose cli   '/home/ubuntu/.nvm/versions/node/v7.7.3/bin/npm',
1 verbose cli   'bugs',
1 verbose cli   'toolkit' ]
2 info using npm@4.1.2
3 info using node@v7.7.3
4 silly fetchPackageMetaData toolkit
5 silly fetchNamedPackageData toolkit
6 silly mapToRegistry name toolkit
7 silly mapToRegistry using default registry
8 silly mapToRegistry registry https://registry.npmjs.org/
9 silly mapToRegistry data Result {
9 silly mapToRegistry   raw: 'toolkit',
9 silly mapToRegistry   scope: null,
9 silly mapToRegistry   escapedName: 'toolkit',
9 silly mapToRegistry   name: 'toolkit',
9 silly mapToRegistry   rawSpec: '',
9 silly mapToRegistry   spec: 'latest',
9 silly mapToRegistry   type: 'tag' }
10 silly mapToRegistry uri https://registry.npmjs.org/toolkit
11 verbose request uri https://registry.npmjs.org/toolkit
12 verbose request no auth needed
13 info attempt registry request try #1 at 3:14:44 PM
14 verbose request id 741480b4b73ddf68
15 http request GET https://registry.npmjs.org/toolkit
16 http 200 https://registry.npmjs.org/toolkit
17 verbose headers { server: 'nginx/1.10.1',
17 verbose headers   'content-type': 'application/json',
17 verbose headers   'last-modified': 'Fri, 30 Sep 2011 13:08:02 GMT',
17 verbose headers   etag: 'W/"4e85bf32-270f"',
17 verbose headers   'content-encoding': 'gzip',
17 verbose headers   'cache-control': 'max-age=300',
17 verbose headers   'content-length': '1273',
17 verbose headers   'accept-ranges': 'bytes',
17 verbose headers   date: 'Tue, 21 Mar 2017 15:14:44 GMT',
17 verbose headers   via: '1.1 varnish',
17 verbose headers   age: '0',
17 verbose headers   connection: 'keep-alive',
17 verbose headers   'x-served-by': 'cache-ord1730-ORD',
17 verbose headers   'x-cache': 'MISS',
17 verbose headers   'x-cache-hits': '0',
17 verbose headers   'x-timer': 'S1490109284.565362,VS0,VE19',
17 verbose headers   vary: 'Accept-Encoding' }
18 silly get cb [ 200,
18 silly get   { server: 'nginx/1.10.1',
18 silly get     'content-type': 'application/json',
18 silly get     'last-modified': 'Fri, 30 Sep 2011 13:08:02 GMT',
18 silly get     etag: 'W/"4e85bf32-270f"',
18 silly get     'content-encoding': 'gzip',
18 silly get     'cache-control': 'max-age=300',
18 silly get     'content-length': '1273',
18 silly get     'accept-ranges': 'bytes',
18 silly get     date: 'Tue, 21 Mar 2017 15:14:44 GMT',
18 silly get     via: '1.1 varnish',
18 silly get     age: '0',
18 silly get     connection: 'keep-alive',
18 silly get     'x-served-by': 'cache-ord1730-ORD',
18 silly get     'x-cache': 'MISS',
18 silly get     'x-cache-hits': '0',
18 silly get     'x-timer': 'S1490109284.565362,VS0,VE19',
18 silly get     vary: 'Accept-Encoding' } ]
19 verbose get saving toolkit to /home/ubuntu/.npm/registry.npmjs.org/toolkit/.cache.json
20 verbose correctMkdir /home/ubuntu/.npm correctMkdir not in flight; initializing
21 verbose makeDirectory /home/ubuntu/.npm creation not in flight; initializing
22 silly makeDirectory /home/ubuntu/.npm uid: 1000 gid: 1000
23 silly bugs url https://github.com/ollym/toolkit/issues
24 verbose stack Error: spawn xdg-open ENOENT
24 verbose stack     at exports._errnoException (util.js:1033:11)
24 verbose stack     at Process.ChildProcess._handle.onexit (internal/child_process.js:193:32)
24 verbose stack     at onErrorNT (internal/child_process.js:367:16)
24 verbose stack     at _combinedTickCallback (internal/process/next_tick.js:80:11)
24 verbose stack     at process._tickCallback (internal/process/next_tick.js:104:9)
25 verbose cwd /home/ubuntu/workspace
26 error Linux 4.8.8-c9
27 error argv "/home/ubuntu/.nvm/versions/node/v7.7.3/bin/node" "/home/ubuntu/.nvm/versions/node/v7.7.3/bin/npm" "bugs" "toolkit"
28 error node v7.7.3
29 error npm  v4.1.2
30 error path xdg-open
31 error code ENOENT
32 error errno ENOENT
33 error syscall spawn xdg-open
34 error enoent spawn xdg-open ENOENT
35 error enoent spawn xdg-open ENOENT
35 error enoent This is most likely not a problem with npm itself
35 error enoent and is related to npm not being able to find a file.
36 verbose exit [ 1, true ]
